<?xml version="1.0" encoding="UTF-8"?>
<testng-results total="4" passed="4" failed="0" skipped="0">
  <reporter-output>
  </reporter-output>
  <suite started-at="2022-07-20T08:36:55Z" name="Default suite" finished-at="2022-07-20T08:36:55Z" duration-ms="95">
    <groups>
    </groups>
    <test started-at="2022-07-20T08:36:55Z" name="Default test" finished-at="2022-07-20T08:36:55Z" duration-ms="95">
      <class name="com.TYSS.Practice.Practice_01">
        <test-method signature="test()[pri:0, instance:com.TYSS.Practice.Practice_01@1efe439d]" started-at="2022-07-20T14:06:55Z" name="test" finished-at="2022-07-20T14:06:55Z" duration-ms="26" status="PASS">
          <reporter-output>
          </reporter-output>
        </test-method> <!-- test -->
        <test-method signature="test1()[pri:0, instance:com.TYSS.Practice.Practice_01@1efe439d]" started-at="2022-07-20T14:06:55Z" name="test1" finished-at="2022-07-20T14:06:55Z" duration-ms="8" status="PASS">
          <reporter-output>
          </reporter-output>
        </test-method> <!-- test1 -->
        <test-method signature="test2()[pri:0, instance:com.TYSS.Practice.Practice_01@1efe439d]" started-at="2022-07-20T14:06:55Z" name="test2" finished-at="2022-07-20T14:06:55Z" duration-ms="2" status="PASS">
          <reporter-output>
          </reporter-output>
        </test-method> <!-- test2 -->
        <test-method signature="test3()[pri:0, instance:com.TYSS.Practice.Practice_01@1efe439d]" started-at="2022-07-20T14:06:55Z" name="test3" finished-at="2022-07-20T14:06:55Z" duration-ms="8" status="PASS">
          <reporter-output>
          </reporter-output>
        </test-method> <!-- test3 -->
      </class> <!-- com.TYSS.Practice.Practice_01 -->
    </test> <!-- Default test -->
  </suite> <!-- Default suite -->
</testng-results>
