<?xml version="1.0" encoding="UTF-8"?>
<!-- Generated by org.testng.reporters.JUnitXMLReporter -->
<testsuite hostname="DESKTOP-KP0OG9U" failures="0" tests="4" name="Default test" time="0.095" errors="0" timestamp="20 Jul 2022 08:36:55 GMT">
  <testcase classname="com.TYSS.Practice.Practice_01" name="test" time="0.026"/>
  <testcase classname="com.TYSS.Practice.Practice_01" name="test1" time="0.008"/>
  <testcase classname="com.TYSS.Practice.Practice_01" name="test2" time="0.002"/>
  <testcase classname="com.TYSS.Practice.Practice_01" name="test3" time="0.008"/>
</testsuite> <!-- Default test -->
